{"D:\\UdemyCourses\\ReactBootcamp\\heroes-spa\\src\\auth\\index.js": {"path":"D:\\UdemyCourses\\ReactBootcamp\\heroes-spa\\src\\auth\\index.js","statementMap":{},"fnMap":{},"branchMap":{},"s":{},"f":{},"b":{},"_coverageSchema":"1a1c01bbd47fc00a2c39e90264f33305004495a9","hash":"e49e51265b4463696b922fcec4f9de4552241147"}
,"D:\\UdemyCourses\\ReactBootcamp\\heroes-spa\\src\\auth\\context\\AuthContext.jsx": {"path":"D:\\UdemyCourses\\ReactBootcamp\\heroes-spa\\src\\auth\\context\\AuthContext.jsx","statementMap":{"0":{"start":{"line":3,"column":27},"end":{"line":3,"column":42}}},"fnMap":{},"branchMap":{},"s":{"0":2},"f":{},"b":{},"_coverageSchema":"1a1c01bbd47fc00a2c39e90264f33305004495a9","hash":"7b71aa66011e6f4623993ccc0f1f87a3cdfd6f7a"}
,"D:\\UdemyCourses\\ReactBootcamp\\heroes-spa\\src\\auth\\context\\AuthProvider.jsx": {"path":"D:\\UdemyCourses\\ReactBootcamp\\heroes-spa\\src\\auth\\context\\AuthProvider.jsx","statementMap":{"0":{"start":{"line":7,"column":21},"end":{"line":9,"column":1}},"1":{"start":{"line":11,"column":13},"end":{"line":18,"column":1}},"2":{"start":{"line":12,"column":15},"end":{"line":12,"column":55}},"3":{"start":{"line":14,"column":2},"end":{"line":17,"column":4}},"4":{"start":{"line":21,"column":28},"end":{"line":62,"column":1}},"5":{"start":{"line":22,"column":32},"end":{"line":22,"column":75}},"6":{"start":{"line":24,"column":16},"end":{"line":38,"column":3}},"7":{"start":{"line":25,"column":17},"end":{"line":28,"column":5}},"8":{"start":{"line":30,"column":19},"end":{"line":33,"column":5}},"9":{"start":{"line":35,"column":4},"end":{"line":35,"column":55}},"10":{"start":{"line":37,"column":4},"end":{"line":37,"column":21}},"11":{"start":{"line":40,"column":17},"end":{"line":47,"column":3}},"12":{"start":{"line":41,"column":19},"end":{"line":43,"column":5}},"13":{"start":{"line":44,"column":4},"end":{"line":44,"column":36}},"14":{"start":{"line":46,"column":4},"end":{"line":46,"column":21}},"15":{"start":{"line":49,"column":2},"end":{"line":61,"column":4}}},"fnMap":{"0":{"name":"(anonymous_0)","decl":{"start":{"line":11,"column":13},"end":{"line":11,"column":14}},"loc":{"start":{"line":11,"column":19},"end":{"line":18,"column":1}},"line":11},"1":{"name":"(anonymous_1)","decl":{"start":{"line":21,"column":28},"end":{"line":21,"column":29}},"loc":{"start":{"line":21,"column":46},"end":{"line":62,"column":1}},"line":21},"2":{"name":"(anonymous_2)","decl":{"start":{"line":24,"column":16},"end":{"line":24,"column":17}},"loc":{"start":{"line":24,"column":31},"end":{"line":38,"column":3}},"line":24},"3":{"name":"(anonymous_3)","decl":{"start":{"line":40,"column":17},"end":{"line":40,"column":18}},"loc":{"start":{"line":40,"column":23},"end":{"line":47,"column":3}},"line":40}},"branchMap":{"0":{"loc":{"start":{"line":24,"column":17},"end":{"line":24,"column":26}},"type":"default-arg","locations":[{"start":{"line":24,"column":24},"end":{"line":24,"column":26}}],"line":24}},"s":{"0":2,"1":2,"2":0,"3":0,"4":2,"5":0,"6":0,"7":0,"8":0,"9":0,"10":0,"11":0,"12":0,"13":0,"14":0,"15":0},"f":{"0":0,"1":0,"2":0,"3":0},"b":{"0":[0]},"_coverageSchema":"1a1c01bbd47fc00a2c39e90264f33305004495a9","hash":"9b4c58c2edbd57ff51585c767dcdae1cae0a6bbd"}
,"D:\\UdemyCourses\\ReactBootcamp\\heroes-spa\\src\\auth\\context\\authReducer.js": {"path":"D:\\UdemyCourses\\ReactBootcamp\\heroes-spa\\src\\auth\\context\\authReducer.js","statementMap":{"0":{"start":{"line":3,"column":27},"end":{"line":22,"column":1}},"1":{"start":{"line":5,"column":4},"end":{"line":20,"column":5}},"2":{"start":{"line":7,"column":12},"end":{"line":11,"column":14}},"3":{"start":{"line":14,"column":12},"end":{"line":16,"column":14}},"4":{"start":{"line":19,"column":12},"end":{"line":19,"column":25}}},"fnMap":{"0":{"name":"(anonymous_0)","decl":{"start":{"line":3,"column":27},"end":{"line":3,"column":28}},"loc":{"start":{"line":3,"column":53},"end":{"line":22,"column":1}},"line":3}},"branchMap":{"0":{"loc":{"start":{"line":3,"column":29},"end":{"line":3,"column":39}},"type":"default-arg","locations":[{"start":{"line":3,"column":37},"end":{"line":3,"column":39}}],"line":3},"1":{"loc":{"start":{"line":5,"column":4},"end":{"line":20,"column":5}},"type":"switch","locations":[{"start":{"line":6,"column":8},"end":{"line":11,"column":14}},{"start":{"line":13,"column":8},"end":{"line":16,"column":14}},{"start":{"line":18,"column":8},"end":{"line":19,"column":25}}],"line":5}},"s":{"0":2,"1":3,"2":1,"3":1,"4":1},"f":{"0":3},"b":{"0":[0],"1":[1,1,1]},"_coverageSchema":"1a1c01bbd47fc00a2c39e90264f33305004495a9","hash":"25315404f00addb9ffbefd9462418dcbaa0965f7"}
,"D:\\UdemyCourses\\ReactBootcamp\\heroes-spa\\src\\auth\\context\\index.js": {"path":"D:\\UdemyCourses\\ReactBootcamp\\heroes-spa\\src\\auth\\context\\index.js","statementMap":{},"fnMap":{},"branchMap":{},"s":{},"f":{},"b":{},"_coverageSchema":"1a1c01bbd47fc00a2c39e90264f33305004495a9","hash":"a9fcf7695e669680dac35774df8c92a7d1b1361b"}
,"D:\\UdemyCourses\\ReactBootcamp\\heroes-spa\\src\\auth\\pages\\LoginPage.jsx": {"path":"D:\\UdemyCourses\\ReactBootcamp\\heroes-spa\\src\\auth\\pages\\LoginPage.jsx","statementMap":{"0":{"start":{"line":5,"column":25},"end":{"line":29,"column":1}},"1":{"start":{"line":6,"column":20},"end":{"line":6,"column":43}},"2":{"start":{"line":7,"column":19},"end":{"line":7,"column":32}},"3":{"start":{"line":9,"column":22},"end":{"line":17,"column":3}},"4":{"start":{"line":10,"column":21},"end":{"line":10,"column":60}},"5":{"start":{"line":12,"column":4},"end":{"line":12,"column":26}},"6":{"start":{"line":14,"column":4},"end":{"line":16,"column":7}},"7":{"start":{"line":19,"column":2},"end":{"line":28,"column":4}},"8":{"start":{"line":24,"column":57},"end":{"line":24,"column":70}}},"fnMap":{"0":{"name":"(anonymous_0)","decl":{"start":{"line":5,"column":25},"end":{"line":5,"column":26}},"loc":{"start":{"line":5,"column":31},"end":{"line":29,"column":1}},"line":5},"1":{"name":"(anonymous_1)","decl":{"start":{"line":9,"column":22},"end":{"line":9,"column":23}},"loc":{"start":{"line":9,"column":28},"end":{"line":17,"column":3}},"line":9},"2":{"name":"(anonymous_2)","decl":{"start":{"line":24,"column":51},"end":{"line":24,"column":52}},"loc":{"start":{"line":24,"column":57},"end":{"line":24,"column":70}},"line":24}},"branchMap":{"0":{"loc":{"start":{"line":10,"column":21},"end":{"line":10,"column":60}},"type":"binary-expr","locations":[{"start":{"line":10,"column":21},"end":{"line":10,"column":53}},{"start":{"line":10,"column":57},"end":{"line":10,"column":60}}],"line":10}},"s":{"0":2,"1":0,"2":0,"3":0,"4":0,"5":0,"6":0,"7":0,"8":0},"f":{"0":0,"1":0,"2":0},"b":{"0":[0,0]},"_coverageSchema":"1a1c01bbd47fc00a2c39e90264f33305004495a9","hash":"801d528cfe63ed3143ac5e14d41b185138aa9ea1"}
,"D:\\UdemyCourses\\ReactBootcamp\\heroes-spa\\src\\auth\\pages\\index.js": {"path":"D:\\UdemyCourses\\ReactBootcamp\\heroes-spa\\src\\auth\\pages\\index.js","statementMap":{},"fnMap":{},"branchMap":{},"s":{},"f":{},"b":{},"_coverageSchema":"1a1c01bbd47fc00a2c39e90264f33305004495a9","hash":"c01bc4970109247c2f12dbf625e9ab3cff2b4a0b"}
,"D:\\UdemyCourses\\ReactBootcamp\\heroes-spa\\src\\auth\\types\\types.js": {"path":"D:\\UdemyCourses\\ReactBootcamp\\heroes-spa\\src\\auth\\types\\types.js","statementMap":{"0":{"start":{"line":1,"column":21},"end":{"line":4,"column":1}}},"fnMap":{},"branchMap":{},"s":{"0":2},"f":{},"b":{},"_coverageSchema":"1a1c01bbd47fc00a2c39e90264f33305004495a9","hash":"4fdeee2920d6ce7cab133bdcea991f300091f66e"}
}
