{"D:\\UdemyCourses\\ReactBootcamp\\heroes-spa\\src\\auth\\index.js": {"path":"D:\\UdemyCourses\\ReactBootcamp\\heroes-spa\\src\\auth\\index.js","statementMap":{},"fnMap":{},"branchMap":{},"s":{},"f":{},"b":{},"_coverageSchema":"1a1c01bbd47fc00a2c39e90264f33305004495a9","hash":"e49e51265b4463696b922fcec4f9de4552241147"}
,"D:\\UdemyCourses\\ReactBootcamp\\heroes-spa\\src\\auth\\context\\AuthContext.jsx": {"path":"D:\\UdemyCourses\\ReactBootcamp\\heroes-spa\\src\\auth\\context\\AuthContext.jsx","statementMap":{"0":{"start":{"line":3,"column":27},"end":{"line":3,"column":42}}},"fnMap":{},"branchMap":{},"s":{"0":6},"f":{},"b":{},"_coverageSchema":"1a1c01bbd47fc00a2c39e90264f33305004495a9","hash":"7b71aa66011e6f4623993ccc0f1f87a3cdfd6f7a"}
,"D:\\UdemyCourses\\ReactBootcamp\\heroes-spa\\src\\auth\\context\\AuthProvider.jsx": {"path":"D:\\UdemyCourses\\ReactBootcamp\\heroes-spa\\src\\auth\\context\\AuthProvider.jsx","statementMap":{"0":{"start":{"line":7,"column":21},"end":{"line":9,"column":1}},"1":{"start":{"line":11,"column":13},"end":{"line":18,"column":1}},"2":{"start":{"line":12,"column":15},"end":{"line":12,"column":55}},"3":{"start":{"line":14,"column":2},"end":{"line":17,"column":4}},"4":{"start":{"line":21,"column":28},"end":{"line":62,"column":1}},"5":{"start":{"line":22,"column":32},"end":{"line":22,"column":75}},"6":{"start":{"line":24,"column":16},"end":{"line":38,"column":3}},"7":{"start":{"line":25,"column":17},"end":{"line":28,"column":5}},"8":{"start":{"line":30,"column":19},"end":{"line":33,"column":5}},"9":{"start":{"line":35,"column":4},"end":{"line":35,"column":55}},"10":{"start":{"line":37,"column":4},"end":{"line":37,"column":21}},"11":{"start":{"line":40,"column":17},"end":{"line":47,"column":3}},"12":{"start":{"line":41,"column":19},"end":{"line":43,"column":5}},"13":{"start":{"line":44,"column":4},"end":{"line":44,"column":36}},"14":{"start":{"line":46,"column":4},"end":{"line":46,"column":21}},"15":{"start":{"line":49,"column":2},"end":{"line":61,"column":4}}},"fnMap":{"0":{"name":"(anonymous_0)","decl":{"start":{"line":11,"column":13},"end":{"line":11,"column":14}},"loc":{"start":{"line":11,"column":19},"end":{"line":18,"column":1}},"line":11},"1":{"name":"(anonymous_1)","decl":{"start":{"line":21,"column":28},"end":{"line":21,"column":29}},"loc":{"start":{"line":21,"column":46},"end":{"line":62,"column":1}},"line":21},"2":{"name":"(anonymous_2)","decl":{"start":{"line":24,"column":16},"end":{"line":24,"column":17}},"loc":{"start":{"line":24,"column":31},"end":{"line":38,"column":3}},"line":24},"3":{"name":"(anonymous_3)","decl":{"start":{"line":40,"column":17},"end":{"line":40,"column":18}},"loc":{"start":{"line":40,"column":23},"end":{"line":47,"column":3}},"line":40}},"branchMap":{"0":{"loc":{"start":{"line":24,"column":17},"end":{"line":24,"column":26}},"type":"default-arg","locations":[{"start":{"line":24,"column":24},"end":{"line":24,"column":26}}],"line":24}},"s":{"0":6,"1":6,"2":0,"3":0,"4":6,"5":0,"6":0,"7":0,"8":0,"9":0,"10":0,"11":0,"12":0,"13":0,"14":0,"15":0},"f":{"0":0,"1":0,"2":0,"3":0},"b":{"0":[0]},"_coverageSchema":"1a1c01bbd47fc00a2c39e90264f33305004495a9","hash":"9b4c58c2edbd57ff51585c767dcdae1cae0a6bbd"}
,"D:\\UdemyCourses\\ReactBootcamp\\heroes-spa\\src\\auth\\context\\authReducer.js": {"path":"D:\\UdemyCourses\\ReactBootcamp\\heroes-spa\\src\\auth\\context\\authReducer.js","statementMap":{"0":{"start":{"line":3,"column":27},"end":{"line":22,"column":1}},"1":{"start":{"line":5,"column":4},"end":{"line":20,"column":5}},"2":{"start":{"line":7,"column":12},"end":{"line":11,"column":14}},"3":{"start":{"line":14,"column":12},"end":{"line":16,"column":14}},"4":{"start":{"line":19,"column":12},"end":{"line":19,"column":25}}},"fnMap":{"0":{"name":"(anonymous_0)","decl":{"start":{"line":3,"column":27},"end":{"line":3,"column":28}},"loc":{"start":{"line":3,"column":53},"end":{"line":22,"column":1}},"line":3}},"branchMap":{"0":{"loc":{"start":{"line":3,"column":29},"end":{"line":3,"column":39}},"type":"default-arg","locations":[{"start":{"line":3,"column":37},"end":{"line":3,"column":39}}],"line":3},"1":{"loc":{"start":{"line":5,"column":4},"end":{"line":20,"column":5}},"type":"switch","locations":[{"start":{"line":6,"column":8},"end":{"line":11,"column":14}},{"start":{"line":13,"column":8},"end":{"line":16,"column":14}},{"start":{"line":18,"column":8},"end":{"line":19,"column":25}}],"line":5}},"s":{"0":6,"1":3,"2":1,"3":1,"4":1},"f":{"0":3},"b":{"0":[0],"1":[1,1,1]},"_coverageSchema":"1a1c01bbd47fc00a2c39e90264f33305004495a9","hash":"25315404f00addb9ffbefd9462418dcbaa0965f7"}
,"D:\\UdemyCourses\\ReactBootcamp\\heroes-spa\\src\\auth\\context\\index.js": {"path":"D:\\UdemyCourses\\ReactBootcamp\\heroes-spa\\src\\auth\\context\\index.js","statementMap":{},"fnMap":{},"branchMap":{},"s":{},"f":{},"b":{},"_coverageSchema":"1a1c01bbd47fc00a2c39e90264f33305004495a9","hash":"a9fcf7695e669680dac35774df8c92a7d1b1361b"}
,"D:\\UdemyCourses\\ReactBootcamp\\heroes-spa\\src\\auth\\pages\\LoginPage.jsx": {"path":"D:\\UdemyCourses\\ReactBootcamp\\heroes-spa\\src\\auth\\pages\\LoginPage.jsx","statementMap":{"0":{"start":{"line":5,"column":25},"end":{"line":29,"column":1}},"1":{"start":{"line":6,"column":20},"end":{"line":6,"column":43}},"2":{"start":{"line":7,"column":19},"end":{"line":7,"column":32}},"3":{"start":{"line":9,"column":22},"end":{"line":17,"column":3}},"4":{"start":{"line":10,"column":21},"end":{"line":10,"column":60}},"5":{"start":{"line":12,"column":4},"end":{"line":12,"column":26}},"6":{"start":{"line":14,"column":4},"end":{"line":16,"column":7}},"7":{"start":{"line":19,"column":2},"end":{"line":28,"column":4}},"8":{"start":{"line":24,"column":57},"end":{"line":24,"column":70}}},"fnMap":{"0":{"name":"(anonymous_0)","decl":{"start":{"line":5,"column":25},"end":{"line":5,"column":26}},"loc":{"start":{"line":5,"column":31},"end":{"line":29,"column":1}},"line":5},"1":{"name":"(anonymous_1)","decl":{"start":{"line":9,"column":22},"end":{"line":9,"column":23}},"loc":{"start":{"line":9,"column":28},"end":{"line":17,"column":3}},"line":9},"2":{"name":"(anonymous_2)","decl":{"start":{"line":24,"column":51},"end":{"line":24,"column":52}},"loc":{"start":{"line":24,"column":57},"end":{"line":24,"column":70}},"line":24}},"branchMap":{"0":{"loc":{"start":{"line":10,"column":21},"end":{"line":10,"column":60}},"type":"binary-expr","locations":[{"start":{"line":10,"column":21},"end":{"line":10,"column":53}},{"start":{"line":10,"column":57},"end":{"line":10,"column":60}}],"line":10}},"s":{"0":6,"1":1,"2":1,"3":1,"4":0,"5":0,"6":0,"7":1,"8":0},"f":{"0":1,"1":0,"2":0},"b":{"0":[0,0]},"_coverageSchema":"1a1c01bbd47fc00a2c39e90264f33305004495a9","hash":"801d528cfe63ed3143ac5e14d41b185138aa9ea1"}
,"D:\\UdemyCourses\\ReactBootcamp\\heroes-spa\\src\\auth\\pages\\index.js": {"path":"D:\\UdemyCourses\\ReactBootcamp\\heroes-spa\\src\\auth\\pages\\index.js","statementMap":{},"fnMap":{},"branchMap":{},"s":{},"f":{},"b":{},"_coverageSchema":"1a1c01bbd47fc00a2c39e90264f33305004495a9","hash":"c01bc4970109247c2f12dbf625e9ab3cff2b4a0b"}
,"D:\\UdemyCourses\\ReactBootcamp\\heroes-spa\\src\\auth\\types\\types.js": {"path":"D:\\UdemyCourses\\ReactBootcamp\\heroes-spa\\src\\auth\\types\\types.js","statementMap":{"0":{"start":{"line":1,"column":21},"end":{"line":4,"column":1}}},"fnMap":{},"branchMap":{},"s":{"0":6},"f":{},"b":{},"_coverageSchema":"1a1c01bbd47fc00a2c39e90264f33305004495a9","hash":"4fdeee2920d6ce7cab133bdcea991f300091f66e"}
,"D:\\UdemyCourses\\ReactBootcamp\\heroes-spa\\src\\heroes\\index.js": {"path":"D:\\UdemyCourses\\ReactBootcamp\\heroes-spa\\src\\heroes\\index.js","statementMap":{},"fnMap":{},"branchMap":{},"s":{},"f":{},"b":{},"_coverageSchema":"1a1c01bbd47fc00a2c39e90264f33305004495a9","hash":"2db0edbc43acc9fcb143e7663d5da55ab2de75a4"}
,"D:\\UdemyCourses\\ReactBootcamp\\heroes-spa\\src\\heroes\\components\\HeroCard.jsx": {"path":"D:\\UdemyCourses\\ReactBootcamp\\heroes-spa\\src\\heroes\\components\\HeroCard.jsx","statementMap":{"0":{"start":{"line":3,"column":25},"end":{"line":5,"column":1}},"1":{"start":{"line":4,"column":2},"end":{"line":4,"column":64}},"2":{"start":{"line":7,"column":24},"end":{"line":42,"column":1}},"3":{"start":{"line":15,"column":23},"end":{"line":15,"column":49}},"4":{"start":{"line":17,"column":2},"end":{"line":41,"column":4}}},"fnMap":{"0":{"name":"(anonymous_0)","decl":{"start":{"line":3,"column":25},"end":{"line":3,"column":26}},"loc":{"start":{"line":3,"column":56},"end":{"line":5,"column":1}},"line":3},"1":{"name":"(anonymous_1)","decl":{"start":{"line":7,"column":24},"end":{"line":7,"column":25}},"loc":{"start":{"line":14,"column":6},"end":{"line":42,"column":1}},"line":14}},"branchMap":{"0":{"loc":{"start":{"line":4,"column":9},"end":{"line":4,"column":63}},"type":"cond-expr","locations":[{"start":{"line":4,"column":36},"end":{"line":4,"column":41}},{"start":{"line":4,"column":44},"end":{"line":4,"column":63}}],"line":4}},"s":{"0":2,"1":30,"2":2,"3":30,"4":30},"f":{"0":30,"1":30},"b":{"0":[30,0]},"_coverageSchema":"1a1c01bbd47fc00a2c39e90264f33305004495a9","hash":"2cb48e2234d11222a62c49f1d05833ed80708195"}
,"D:\\UdemyCourses\\ReactBootcamp\\heroes-spa\\src\\heroes\\components\\HeroList.jsx": {"path":"D:\\UdemyCourses\\ReactBootcamp\\heroes-spa\\src\\heroes\\components\\HeroList.jsx","statementMap":{"0":{"start":{"line":5,"column":24},"end":{"line":16,"column":1}},"1":{"start":{"line":6,"column":17},"end":{"line":6,"column":76}},"2":{"start":{"line":6,"column":31},"end":{"line":6,"column":62}},"3":{"start":{"line":8,"column":2},"end":{"line":15,"column":4}},"4":{"start":{"line":12,"column":8},"end":{"line":12,"column":44}}},"fnMap":{"0":{"name":"(anonymous_0)","decl":{"start":{"line":5,"column":24},"end":{"line":5,"column":25}},"loc":{"start":{"line":5,"column":43},"end":{"line":16,"column":1}},"line":5},"1":{"name":"(anonymous_1)","decl":{"start":{"line":6,"column":25},"end":{"line":6,"column":26}},"loc":{"start":{"line":6,"column":31},"end":{"line":6,"column":62}},"line":6},"2":{"name":"(anonymous_2)","decl":{"start":{"line":10,"column":18},"end":{"line":10,"column":19}},"loc":{"start":{"line":12,"column":8},"end":{"line":12,"column":44}},"line":12}},"branchMap":{},"s":{"0":2,"1":3,"2":3,"3":3,"4":30},"f":{"0":3,"1":3,"2":30},"b":{},"_coverageSchema":"1a1c01bbd47fc00a2c39e90264f33305004495a9","hash":"9fcdc4dc5d3e12e505903ad5554886cb34f69db7"}
,"D:\\UdemyCourses\\ReactBootcamp\\heroes-spa\\src\\heroes\\components\\index.js": {"path":"D:\\UdemyCourses\\ReactBootcamp\\heroes-spa\\src\\heroes\\components\\index.js","statementMap":{},"fnMap":{},"branchMap":{},"s":{},"f":{},"b":{},"_coverageSchema":"1a1c01bbd47fc00a2c39e90264f33305004495a9","hash":"8184ea82010e80c40351f6d0dc72d31c7bf0adcd"}
,"D:\\UdemyCourses\\ReactBootcamp\\heroes-spa\\src\\heroes\\data\\heroes.js": {"path":"D:\\UdemyCourses\\ReactBootcamp\\heroes-spa\\src\\heroes\\data\\heroes.js","statementMap":{"0":{"start":{"line":1,"column":22},"end":{"line":162,"column":1}}},"fnMap":{},"branchMap":{},"s":{"0":2},"f":{},"b":{},"_coverageSchema":"1a1c01bbd47fc00a2c39e90264f33305004495a9","hash":"fc197325ccc545c79ee58dc85d26d9ddc1055b8d"}
,"D:\\UdemyCourses\\ReactBootcamp\\heroes-spa\\src\\heroes\\helpers\\getHeroById.js": {"path":"D:\\UdemyCourses\\ReactBootcamp\\heroes-spa\\src\\heroes\\helpers\\getHeroById.js","statementMap":{"0":{"start":{"line":3,"column":29},"end":{"line":7,"column":1}},"1":{"start":{"line":5,"column":4},"end":{"line":5,"column":47}},"2":{"start":{"line":5,"column":31},"end":{"line":5,"column":45}}},"fnMap":{"0":{"name":"(anonymous_0)","decl":{"start":{"line":3,"column":29},"end":{"line":3,"column":30}},"loc":{"start":{"line":3,"column":39},"end":{"line":7,"column":1}},"line":3},"1":{"name":"(anonymous_1)","decl":{"start":{"line":5,"column":23},"end":{"line":5,"column":24}},"loc":{"start":{"line":5,"column":31},"end":{"line":5,"column":45}},"line":5}},"branchMap":{},"s":{"0":2,"1":0,"2":0},"f":{"0":0,"1":0},"b":{},"_coverageSchema":"1a1c01bbd47fc00a2c39e90264f33305004495a9","hash":"2ae5dc636ef35359a9ed75d2a922aad0c1575fe2"}
,"D:\\UdemyCourses\\ReactBootcamp\\heroes-spa\\src\\heroes\\helpers\\getHeroesByName.js": {"path":"D:\\UdemyCourses\\ReactBootcamp\\heroes-spa\\src\\heroes\\helpers\\getHeroesByName.js","statementMap":{"0":{"start":{"line":3,"column":31},"end":{"line":11,"column":1}},"1":{"start":{"line":5,"column":4},"end":{"line":5,"column":43}},"2":{"start":{"line":7,"column":4},"end":{"line":7,"column":38}},"3":{"start":{"line":7,"column":28},"end":{"line":7,"column":38}},"4":{"start":{"line":9,"column":4},"end":{"line":9,"column":86}},"5":{"start":{"line":9,"column":33},"end":{"line":9,"column":84}}},"fnMap":{"0":{"name":"(anonymous_0)","decl":{"start":{"line":3,"column":31},"end":{"line":3,"column":32}},"loc":{"start":{"line":3,"column":48},"end":{"line":11,"column":1}},"line":3},"1":{"name":"(anonymous_1)","decl":{"start":{"line":9,"column":25},"end":{"line":9,"column":26}},"loc":{"start":{"line":9,"column":33},"end":{"line":9,"column":84}},"line":9}},"branchMap":{"0":{"loc":{"start":{"line":3,"column":33},"end":{"line":3,"column":42}},"type":"default-arg","locations":[{"start":{"line":3,"column":40},"end":{"line":3,"column":42}}],"line":3},"1":{"loc":{"start":{"line":7,"column":4},"end":{"line":7,"column":38}},"type":"if","locations":[{"start":{"line":7,"column":4},"end":{"line":7,"column":38}},{"start":{},"end":{}}],"line":7}},"s":{"0":2,"1":0,"2":0,"3":0,"4":0,"5":0},"f":{"0":0,"1":0},"b":{"0":[0],"1":[0,0]},"_coverageSchema":"1a1c01bbd47fc00a2c39e90264f33305004495a9","hash":"7efaa730595bf4a2f869481f880fe72ad58cfc53"}
,"D:\\UdemyCourses\\ReactBootcamp\\heroes-spa\\src\\heroes\\helpers\\getHeroesByPublisher.js": {"path":"D:\\UdemyCourses\\ReactBootcamp\\heroes-spa\\src\\heroes\\helpers\\getHeroesByPublisher.js","statementMap":{"0":{"start":{"line":3,"column":36},"end":{"line":12,"column":1}},"1":{"start":{"line":5,"column":28},"end":{"line":5,"column":58}},"2":{"start":{"line":7,"column":4},"end":{"line":9,"column":5}},"3":{"start":{"line":8,"column":8},"end":{"line":8,"column":67}},"4":{"start":{"line":11,"column":4},"end":{"line":11,"column":63}},"5":{"start":{"line":11,"column":33},"end":{"line":11,"column":61}}},"fnMap":{"0":{"name":"(anonymous_0)","decl":{"start":{"line":3,"column":36},"end":{"line":3,"column":37}},"loc":{"start":{"line":3,"column":53},"end":{"line":12,"column":1}},"line":3},"1":{"name":"(anonymous_1)","decl":{"start":{"line":11,"column":25},"end":{"line":11,"column":26}},"loc":{"start":{"line":11,"column":33},"end":{"line":11,"column":61}},"line":11}},"branchMap":{"0":{"loc":{"start":{"line":7,"column":4},"end":{"line":9,"column":5}},"type":"if","locations":[{"start":{"line":7,"column":4},"end":{"line":9,"column":5}},{"start":{},"end":{}}],"line":7}},"s":{"0":2,"1":3,"2":3,"3":0,"4":3,"5":60},"f":{"0":3,"1":60},"b":{"0":[0,3]},"_coverageSchema":"1a1c01bbd47fc00a2c39e90264f33305004495a9","hash":"7e6b5f067c765575448dc671aadf0027a0ab72d0"}
,"D:\\UdemyCourses\\ReactBootcamp\\heroes-spa\\src\\heroes\\helpers\\index.js": {"path":"D:\\UdemyCourses\\ReactBootcamp\\heroes-spa\\src\\heroes\\helpers\\index.js","statementMap":{},"fnMap":{},"branchMap":{},"s":{},"f":{},"b":{},"_coverageSchema":"1a1c01bbd47fc00a2c39e90264f33305004495a9","hash":"9a410eec7ae26eae1a5c90f32428af5b51096972"}
,"D:\\UdemyCourses\\ReactBootcamp\\heroes-spa\\src\\heroes\\pages\\DcPage.jsx": {"path":"D:\\UdemyCourses\\ReactBootcamp\\heroes-spa\\src\\heroes\\pages\\DcPage.jsx","statementMap":{"0":{"start":{"line":3,"column":22},"end":{"line":14,"column":1}},"1":{"start":{"line":4,"column":20},"end":{"line":4,"column":31}},"2":{"start":{"line":6,"column":2},"end":{"line":13,"column":4}}},"fnMap":{"0":{"name":"(anonymous_0)","decl":{"start":{"line":3,"column":22},"end":{"line":3,"column":23}},"loc":{"start":{"line":3,"column":28},"end":{"line":14,"column":1}},"line":3}},"branchMap":{},"s":{"0":2,"1":0,"2":0},"f":{"0":0},"b":{},"_coverageSchema":"1a1c01bbd47fc00a2c39e90264f33305004495a9","hash":"65900fe604448103f7e6a87eb73a8cb126a75ec9"}
,"D:\\UdemyCourses\\ReactBootcamp\\heroes-spa\\src\\heroes\\pages\\HeroPage.jsx": {"path":"D:\\UdemyCourses\\ReactBootcamp\\heroes-spa\\src\\heroes\\pages\\HeroPage.jsx","statementMap":{"0":{"start":{"line":5,"column":24},"end":{"line":57,"column":1}},"1":{"start":{"line":6,"column":26},"end":{"line":6,"column":37}},"2":{"start":{"line":7,"column":19},"end":{"line":7,"column":32}},"3":{"start":{"line":9,"column":15},"end":{"line":9,"column":53}},"4":{"start":{"line":9,"column":29},"end":{"line":9,"column":46}},"5":{"start":{"line":11,"column":2},"end":{"line":14,"column":3}},"6":{"start":{"line":13,"column":4},"end":{"line":13,"column":37}},"7":{"start":{"line":16,"column":23},"end":{"line":18,"column":3}},"8":{"start":{"line":17,"column":4},"end":{"line":17,"column":17}},"9":{"start":{"line":20,"column":2},"end":{"line":56,"column":4}},"10":{"start":{"line":49,"column":12},"end":{"line":49,"column":27}}},"fnMap":{"0":{"name":"(anonymous_0)","decl":{"start":{"line":5,"column":24},"end":{"line":5,"column":25}},"loc":{"start":{"line":5,"column":30},"end":{"line":57,"column":1}},"line":5},"1":{"name":"(anonymous_1)","decl":{"start":{"line":9,"column":23},"end":{"line":9,"column":24}},"loc":{"start":{"line":9,"column":29},"end":{"line":9,"column":46}},"line":9},"2":{"name":"(anonymous_2)","decl":{"start":{"line":16,"column":23},"end":{"line":16,"column":24}},"loc":{"start":{"line":16,"column":29},"end":{"line":18,"column":3}},"line":16},"3":{"name":"(anonymous_3)","decl":{"start":{"line":48,"column":19},"end":{"line":48,"column":20}},"loc":{"start":{"line":48,"column":25},"end":{"line":50,"column":11}},"line":48}},"branchMap":{"0":{"loc":{"start":{"line":11,"column":2},"end":{"line":14,"column":3}},"type":"if","locations":[{"start":{"line":11,"column":2},"end":{"line":14,"column":3}},{"start":{},"end":{}}],"line":11}},"s":{"0":2,"1":0,"2":0,"3":0,"4":0,"5":0,"6":0,"7":0,"8":0,"9":0,"10":0},"f":{"0":0,"1":0,"2":0,"3":0},"b":{"0":[0,0]},"_coverageSchema":"1a1c01bbd47fc00a2c39e90264f33305004495a9","hash":"75e113093c2869d8292661b9fb90282ca6096960"}
,"D:\\UdemyCourses\\ReactBootcamp\\heroes-spa\\src\\heroes\\pages\\MarvelPage.jsx": {"path":"D:\\UdemyCourses\\ReactBootcamp\\heroes-spa\\src\\heroes\\pages\\MarvelPage.jsx","statementMap":{"0":{"start":{"line":3,"column":26},"end":{"line":14,"column":1}},"1":{"start":{"line":4,"column":20},"end":{"line":4,"column":35}},"2":{"start":{"line":6,"column":2},"end":{"line":13,"column":4}}},"fnMap":{"0":{"name":"(anonymous_0)","decl":{"start":{"line":3,"column":26},"end":{"line":3,"column":27}},"loc":{"start":{"line":3,"column":32},"end":{"line":14,"column":1}},"line":3}},"branchMap":{},"s":{"0":2,"1":3,"2":3},"f":{"0":3},"b":{},"_coverageSchema":"1a1c01bbd47fc00a2c39e90264f33305004495a9","hash":"f997e8aed15c1f95e898b49e77b32e104da38307"}
,"D:\\UdemyCourses\\ReactBootcamp\\heroes-spa\\src\\heroes\\pages\\SearchPage.jsx": {"path":"D:\\UdemyCourses\\ReactBootcamp\\heroes-spa\\src\\heroes\\pages\\SearchPage.jsx","statementMap":{"0":{"start":{"line":9,"column":26},"end":{"line":76,"column":1}},"1":{"start":{"line":10,"column":19},"end":{"line":10,"column":32}},"2":{"start":{"line":11,"column":19},"end":{"line":11,"column":32}},"3":{"start":{"line":13,"column":21},"end":{"line":13,"column":55}},"4":{"start":{"line":14,"column":17},"end":{"line":14,"column":55}},"5":{"start":{"line":14,"column":31},"end":{"line":14,"column":49}},"6":{"start":{"line":16,"column":44},"end":{"line":18,"column":4}},"7":{"start":{"line":20,"column":29},"end":{"line":27,"column":3}},"8":{"start":{"line":21,"column":4},"end":{"line":21,"column":27}},"9":{"start":{"line":25,"column":4},"end":{"line":25,"column":32}},"10":{"start":{"line":26,"column":4},"end":{"line":26,"column":54}},"11":{"start":{"line":29,"column":2},"end":{"line":75,"column":4}},"12":{"start":{"line":70,"column":12},"end":{"line":70,"column":48}}},"fnMap":{"0":{"name":"(anonymous_0)","decl":{"start":{"line":9,"column":26},"end":{"line":9,"column":27}},"loc":{"start":{"line":9,"column":32},"end":{"line":76,"column":1}},"line":9},"1":{"name":"(anonymous_1)","decl":{"start":{"line":14,"column":25},"end":{"line":14,"column":26}},"loc":{"start":{"line":14,"column":31},"end":{"line":14,"column":49}},"line":14},"2":{"name":"(anonymous_2)","decl":{"start":{"line":20,"column":29},"end":{"line":20,"column":30}},"loc":{"start":{"line":20,"column":40},"end":{"line":27,"column":3}},"line":20},"3":{"name":"(anonymous_3)","decl":{"start":{"line":69,"column":22},"end":{"line":69,"column":23}},"loc":{"start":{"line":70,"column":12},"end":{"line":70,"column":48}},"line":70}},"branchMap":{"0":{"loc":{"start":{"line":13,"column":10},"end":{"line":13,"column":16}},"type":"default-arg","locations":[{"start":{"line":13,"column":14},"end":{"line":13,"column":16}}],"line":13},"1":{"loc":{"start":{"line":57,"column":11},"end":{"line":67,"column":11}},"type":"cond-expr","locations":[{"start":{"line":58,"column":12},"end":{"line":60,"column":18}},{"start":{"line":62,"column":12},"end":{"line":66,"column":13}}],"line":57},"2":{"loc":{"start":{"line":62,"column":12},"end":{"line":66,"column":13}},"type":"binary-expr","locations":[{"start":{"line":62,"column":12},"end":{"line":62,"column":30}},{"start":{"line":63,"column":14},"end":{"line":65,"column":20}}],"line":62}},"s":{"0":2,"1":0,"2":0,"3":0,"4":0,"5":0,"6":0,"7":0,"8":0,"9":0,"10":0,"11":0,"12":0},"f":{"0":0,"1":0,"2":0,"3":0},"b":{"0":[0],"1":[0,0],"2":[0,0]},"_coverageSchema":"1a1c01bbd47fc00a2c39e90264f33305004495a9","hash":"db7391084c94b1369a713266c6b8cb35a7dcd93b"}
,"D:\\UdemyCourses\\ReactBootcamp\\heroes-spa\\src\\heroes\\pages\\index.js": {"path":"D:\\UdemyCourses\\ReactBootcamp\\heroes-spa\\src\\heroes\\pages\\index.js","statementMap":{},"fnMap":{},"branchMap":{},"s":{},"f":{},"b":{},"_coverageSchema":"1a1c01bbd47fc00a2c39e90264f33305004495a9","hash":"b9cb80dbbe4dfa34d1fbbfd0c5ab8462db555ec7"}
,"D:\\UdemyCourses\\ReactBootcamp\\heroes-spa\\src\\heroes\\routes\\HeroesRoutes.jsx": {"path":"D:\\UdemyCourses\\ReactBootcamp\\heroes-spa\\src\\heroes\\routes\\HeroesRoutes.jsx","statementMap":{"0":{"start":{"line":5,"column":28},"end":{"line":23,"column":1}},"1":{"start":{"line":6,"column":2},"end":{"line":22,"column":4}}},"fnMap":{"0":{"name":"(anonymous_0)","decl":{"start":{"line":5,"column":28},"end":{"line":5,"column":29}},"loc":{"start":{"line":5,"column":34},"end":{"line":23,"column":1}},"line":5}},"branchMap":{},"s":{"0":2,"1":3},"f":{"0":3},"b":{},"_coverageSchema":"1a1c01bbd47fc00a2c39e90264f33305004495a9","hash":"b1187beb940286f194e879b6a42ad3ff20ad8680"}
,"D:\\UdemyCourses\\ReactBootcamp\\heroes-spa\\src\\hooks\\useForms.jsx": {"path":"D:\\UdemyCourses\\ReactBootcamp\\heroes-spa\\src\\hooks\\useForms.jsx","statementMap":{"0":{"start":{"line":3,"column":23},"end":{"line":24,"column":1}},"1":{"start":{"line":4,"column":36},"end":{"line":4,"column":57}},"2":{"start":{"line":6,"column":28},"end":{"line":12,"column":3}},"3":{"start":{"line":7,"column":28},"end":{"line":7,"column":34}},"4":{"start":{"line":8,"column":4},"end":{"line":11,"column":7}},"5":{"start":{"line":14,"column":26},"end":{"line":16,"column":3}},"6":{"start":{"line":15,"column":4},"end":{"line":15,"column":30}},"7":{"start":{"line":18,"column":2},"end":{"line":23,"column":4}}},"fnMap":{"0":{"name":"(anonymous_0)","decl":{"start":{"line":3,"column":23},"end":{"line":3,"column":24}},"loc":{"start":{"line":3,"column":45},"end":{"line":24,"column":1}},"line":3},"1":{"name":"(anonymous_1)","decl":{"start":{"line":6,"column":28},"end":{"line":6,"column":29}},"loc":{"start":{"line":6,"column":44},"end":{"line":12,"column":3}},"line":6},"2":{"name":"(anonymous_2)","decl":{"start":{"line":14,"column":26},"end":{"line":14,"column":27}},"loc":{"start":{"line":14,"column":32},"end":{"line":16,"column":3}},"line":14}},"branchMap":{"0":{"loc":{"start":{"line":3,"column":24},"end":{"line":3,"column":40}},"type":"default-arg","locations":[{"start":{"line":3,"column":38},"end":{"line":3,"column":40}}],"line":3}},"s":{"0":2,"1":0,"2":0,"3":0,"4":0,"5":0,"6":0,"7":0},"f":{"0":0,"1":0,"2":0},"b":{"0":[0]},"_coverageSchema":"1a1c01bbd47fc00a2c39e90264f33305004495a9","hash":"e59f39303d56290e41339bad1e0c4084866ae613"}
,"D:\\UdemyCourses\\ReactBootcamp\\heroes-spa\\src\\router\\AppRouter.jsx": {"path":"D:\\UdemyCourses\\ReactBootcamp\\heroes-spa\\src\\router\\AppRouter.jsx","statementMap":{"0":{"start":{"line":7,"column":25},"end":{"line":34,"column":1}},"1":{"start":{"line":8,"column":2},"end":{"line":33,"column":4}}},"fnMap":{"0":{"name":"(anonymous_0)","decl":{"start":{"line":7,"column":25},"end":{"line":7,"column":26}},"loc":{"start":{"line":7,"column":31},"end":{"line":34,"column":1}},"line":7}},"branchMap":{},"s":{"0":2,"1":4},"f":{"0":4},"b":{},"_coverageSchema":"1a1c01bbd47fc00a2c39e90264f33305004495a9","hash":"77c35f71d8fac9a60ed9cfc7190f2dc3d70b491a"}
,"D:\\UdemyCourses\\ReactBootcamp\\heroes-spa\\src\\router\\PrivateRoute.jsx": {"path":"D:\\UdemyCourses\\ReactBootcamp\\heroes-spa\\src\\router\\PrivateRoute.jsx","statementMap":{"0":{"start":{"line":5,"column":28},"end":{"line":13,"column":1}},"1":{"start":{"line":6,"column":21},"end":{"line":6,"column":44}},"2":{"start":{"line":7,"column":31},"end":{"line":7,"column":44}},"3":{"start":{"line":9,"column":19},"end":{"line":9,"column":36}},"4":{"start":{"line":10,"column":2},"end":{"line":10,"column":45}},"5":{"start":{"line":12,"column":2},"end":{"line":12,"column":54}}},"fnMap":{"0":{"name":"(anonymous_0)","decl":{"start":{"line":5,"column":28},"end":{"line":5,"column":29}},"loc":{"start":{"line":5,"column":46},"end":{"line":13,"column":1}},"line":5}},"branchMap":{"0":{"loc":{"start":{"line":12,"column":9},"end":{"line":12,"column":53}},"type":"cond-expr","locations":[{"start":{"line":12,"column":18},"end":{"line":12,"column":26}},{"start":{"line":12,"column":29},"end":{"line":12,"column":53}}],"line":12}},"s":{"0":3,"1":5,"2":5,"3":5,"4":5,"5":5},"f":{"0":5},"b":{"0":[4,1]},"_coverageSchema":"1a1c01bbd47fc00a2c39e90264f33305004495a9","hash":"fc1e21cd4eacf468e69475c01a30c6ce797cfcc8"}
,"D:\\UdemyCourses\\ReactBootcamp\\heroes-spa\\src\\router\\PublicRoute.jsx": {"path":"D:\\UdemyCourses\\ReactBootcamp\\heroes-spa\\src\\router\\PublicRoute.jsx","statementMap":{"0":{"start":{"line":5,"column":27},"end":{"line":9,"column":1}},"1":{"start":{"line":6,"column":21},"end":{"line":6,"column":44}},"2":{"start":{"line":8,"column":2},"end":{"line":8,"column":56}}},"fnMap":{"0":{"name":"(anonymous_0)","decl":{"start":{"line":5,"column":27},"end":{"line":5,"column":28}},"loc":{"start":{"line":5,"column":45},"end":{"line":9,"column":1}},"line":5}},"branchMap":{"0":{"loc":{"start":{"line":8,"column":9},"end":{"line":8,"column":55}},"type":"cond-expr","locations":[{"start":{"line":8,"column":19},"end":{"line":8,"column":27}},{"start":{"line":8,"column":30},"end":{"line":8,"column":55}}],"line":8}},"s":{"0":3,"1":3,"2":3},"f":{"0":3},"b":{"0":[2,1]},"_coverageSchema":"1a1c01bbd47fc00a2c39e90264f33305004495a9","hash":"907771adaa9172516a8bfcd813620b2cbf7ee5ad"}
,"D:\\UdemyCourses\\ReactBootcamp\\heroes-spa\\src\\ui\\index.js": {"path":"D:\\UdemyCourses\\ReactBootcamp\\heroes-spa\\src\\ui\\index.js","statementMap":{},"fnMap":{},"branchMap":{},"s":{},"f":{},"b":{},"_coverageSchema":"1a1c01bbd47fc00a2c39e90264f33305004495a9","hash":"963dee39fa7c1cc244f78a94721d7ed651325aea"}
,"D:\\UdemyCourses\\ReactBootcamp\\heroes-spa\\src\\ui\\components\\Navbar.jsx": {"path":"D:\\UdemyCourses\\ReactBootcamp\\heroes-spa\\src\\ui\\components\\Navbar.jsx","statementMap":{"0":{"start":{"line":5,"column":22},"end":{"line":85,"column":1}},"1":{"start":{"line":6,"column":27},"end":{"line":6,"column":50}},"2":{"start":{"line":7,"column":19},"end":{"line":7,"column":32}},"3":{"start":{"line":8,"column":19},"end":{"line":8,"column":32}},"4":{"start":{"line":10,"column":2},"end":{"line":10,"column":38}},"5":{"start":{"line":12,"column":23},"end":{"line":18,"column":3}},"6":{"start":{"line":13,"column":4},"end":{"line":13,"column":13}},"7":{"start":{"line":15,"column":4},"end":{"line":17,"column":7}},"8":{"start":{"line":20,"column":2},"end":{"line":84,"column":4}},"9":{"start":{"line":76,"column":14},"end":{"line":76,"column":29}}},"fnMap":{"0":{"name":"(anonymous_0)","decl":{"start":{"line":5,"column":22},"end":{"line":5,"column":23}},"loc":{"start":{"line":5,"column":28},"end":{"line":85,"column":1}},"line":5},"1":{"name":"(anonymous_1)","decl":{"start":{"line":12,"column":23},"end":{"line":12,"column":24}},"loc":{"start":{"line":12,"column":29},"end":{"line":18,"column":3}},"line":12},"2":{"name":"(anonymous_2)","decl":{"start":{"line":75,"column":21},"end":{"line":75,"column":22}},"loc":{"start":{"line":75,"column":27},"end":{"line":77,"column":13}},"line":75}},"branchMap":{"0":{"loc":{"start":{"line":30,"column":14},"end":{"line":32,"column":37}},"type":"cond-expr","locations":[{"start":{"line":31,"column":18},"end":{"line":31,"column":44}},{"start":{"line":32,"column":18},"end":{"line":32,"column":37}}],"line":30},"1":{"loc":{"start":{"line":41,"column":14},"end":{"line":43,"column":37}},"type":"cond-expr","locations":[{"start":{"line":42,"column":18},"end":{"line":42,"column":44}},{"start":{"line":43,"column":18},"end":{"line":43,"column":37}}],"line":41},"2":{"loc":{"start":{"line":52,"column":14},"end":{"line":54,"column":37}},"type":"cond-expr","locations":[{"start":{"line":53,"column":18},"end":{"line":53,"column":44}},{"start":{"line":54,"column":18},"end":{"line":54,"column":37}}],"line":52}},"s":{"0":2,"1":3,"2":3,"3":3,"4":3,"5":3,"6":1,"7":1,"8":3,"9":1},"f":{"0":3,"1":1,"2":1},"b":{"0":[3,0],"1":[0,3],"2":[0,3]},"_coverageSchema":"1a1c01bbd47fc00a2c39e90264f33305004495a9","hash":"854cd47018df83afe0e99844b1e82ddcb0f00b31"}
,"D:\\UdemyCourses\\ReactBootcamp\\heroes-spa\\src\\ui\\components\\index.js": {"path":"D:\\UdemyCourses\\ReactBootcamp\\heroes-spa\\src\\ui\\components\\index.js","statementMap":{},"fnMap":{},"branchMap":{},"s":{},"f":{},"b":{},"_coverageSchema":"1a1c01bbd47fc00a2c39e90264f33305004495a9","hash":"76bffe9fdcc65d4be48ab09e5837c9ecf0a432fc"}
}
