TN:
SF:src\auth\index.js
FNF:0
FNH:0
LF:0
LH:0
BRF:0
BRH:0
end_of_record
TN:
SF:src\auth\context\AuthContext.jsx
FNF:0
FNH:0
DA:3,6
LF:1
LH:1
BRF:0
BRH:0
end_of_record
TN:
SF:src\auth\context\AuthProvider.jsx
FN:11,(anonymous_0)
FN:21,(anonymous_1)
FN:24,(anonymous_2)
FN:40,(anonymous_3)
FNF:4
FNH:0
FNDA:0,(anonymous_0)
FNDA:0,(anonymous_1)
FNDA:0,(anonymous_2)
FNDA:0,(anonymous_3)
DA:7,6
DA:11,6
DA:12,0
DA:14,0
DA:21,6
DA:22,0
DA:24,0
DA:25,0
DA:30,0
DA:35,0
DA:37,0
DA:40,0
DA:41,0
DA:44,0
DA:46,0
DA:49,0
LF:16
LH:3
BRDA:24,0,0,0
BRF:1
BRH:0
end_of_record
TN:
SF:src\auth\context\authReducer.js
FN:3,(anonymous_0)
FNF:1
FNH:1
FNDA:3,(anonymous_0)
DA:3,6
DA:5,3
DA:7,1
DA:14,1
DA:19,1
LF:5
LH:5
BRDA:3,0,0,0
BRDA:5,1,0,1
BRDA:5,1,1,1
BRDA:5,1,2,1
BRF:4
BRH:3
end_of_record
TN:
SF:src\auth\context\index.js
FNF:0
FNH:0
LF:0
LH:0
BRF:0
BRH:0
end_of_record
TN:
SF:src\auth\pages\LoginPage.jsx
FN:5,(anonymous_0)
FN:9,(anonymous_1)
FN:24,(anonymous_2)
FNF:3
FNH:1
FNDA:1,(anonymous_0)
FNDA:0,(anonymous_1)
FNDA:0,(anonymous_2)
DA:5,6
DA:6,1
DA:7,1
DA:9,1
DA:10,0
DA:12,0
DA:14,0
DA:19,1
DA:24,0
LF:9
LH:5
BRDA:10,0,0,0
BRDA:10,0,1,0
BRF:2
BRH:0
end_of_record
TN:
SF:src\auth\pages\index.js
FNF:0
FNH:0
LF:0
LH:0
BRF:0
BRH:0
end_of_record
TN:
SF:src\auth\types\types.js
FNF:0
FNH:0
DA:1,6
LF:1
LH:1
BRF:0
BRH:0
end_of_record
TN:
SF:src\heroes\index.js
FNF:0
FNH:0
LF:0
LH:0
BRF:0
BRH:0
end_of_record
TN:
SF:src\heroes\components\HeroCard.jsx
FN:3,(anonymous_0)
FN:7,(anonymous_1)
FNF:2
FNH:2
FNDA:30,(anonymous_0)
FNDA:30,(anonymous_1)
DA:3,2
DA:4,30
DA:7,2
DA:15,30
DA:17,30
LF:5
LH:5
BRDA:4,0,0,30
BRDA:4,0,1,0
BRF:2
BRH:1
end_of_record
TN:
SF:src\heroes\components\HeroList.jsx
FN:5,(anonymous_0)
FN:6,(anonymous_1)
FN:10,(anonymous_2)
FNF:3
FNH:3
FNDA:3,(anonymous_0)
FNDA:3,(anonymous_1)
FNDA:30,(anonymous_2)
DA:5,2
DA:6,3
DA:8,3
DA:12,30
LF:4
LH:4
BRF:0
BRH:0
end_of_record
TN:
SF:src\heroes\components\index.js
FNF:0
FNH:0
LF:0
LH:0
BRF:0
BRH:0
end_of_record
TN:
SF:src\heroes\data\heroes.js
FNF:0
FNH:0
DA:1,2
LF:1
LH:1
BRF:0
BRH:0
end_of_record
TN:
SF:src\heroes\helpers\getHeroById.js
FN:3,(anonymous_0)
FN:5,(anonymous_1)
FNF:2
FNH:0
FNDA:0,(anonymous_0)
FNDA:0,(anonymous_1)
DA:3,2
DA:5,0
LF:2
LH:1
BRF:0
BRH:0
end_of_record
TN:
SF:src\heroes\helpers\getHeroesByName.js
FN:3,(anonymous_0)
FN:9,(anonymous_1)
FNF:2
FNH:0
FNDA:0,(anonymous_0)
FNDA:0,(anonymous_1)
DA:3,2
DA:5,0
DA:7,0
DA:9,0
LF:4
LH:1
BRDA:3,0,0,0
BRDA:7,1,0,0
BRDA:7,1,1,0
BRF:3
BRH:0
end_of_record
TN:
SF:src\heroes\helpers\getHeroesByPublisher.js
FN:3,(anonymous_0)
FN:11,(anonymous_1)
FNF:2
FNH:2
FNDA:3,(anonymous_0)
FNDA:60,(anonymous_1)
DA:3,2
DA:5,3
DA:7,3
DA:8,0
DA:11,60
LF:5
LH:4
BRDA:7,0,0,0
BRDA:7,0,1,3
BRF:2
BRH:1
end_of_record
TN:
SF:src\heroes\helpers\index.js
FNF:0
FNH:0
LF:0
LH:0
BRF:0
BRH:0
end_of_record
TN:
SF:src\heroes\pages\DcPage.jsx
FN:3,(anonymous_0)
FNF:1
FNH:0
FNDA:0,(anonymous_0)
DA:3,2
DA:4,0
DA:6,0
LF:3
LH:1
BRF:0
BRH:0
end_of_record
TN:
SF:src\heroes\pages\HeroPage.jsx
FN:5,(anonymous_0)
FN:9,(anonymous_1)
FN:16,(anonymous_2)
FN:48,(anonymous_3)
FNF:4
FNH:0
FNDA:0,(anonymous_0)
FNDA:0,(anonymous_1)
FNDA:0,(anonymous_2)
FNDA:0,(anonymous_3)
DA:5,2
DA:6,0
DA:7,0
DA:9,0
DA:11,0
DA:13,0
DA:16,0
DA:17,0
DA:20,0
DA:49,0
LF:10
LH:1
BRDA:11,0,0,0
BRDA:11,0,1,0
BRF:2
BRH:0
end_of_record
TN:
SF:src\heroes\pages\MarvelPage.jsx
FN:3,(anonymous_0)
FNF:1
FNH:1
FNDA:3,(anonymous_0)
DA:3,2
DA:4,3
DA:6,3
LF:3
LH:3
BRF:0
BRH:0
end_of_record
TN:
SF:src\heroes\pages\SearchPage.jsx
FN:9,(anonymous_0)
FN:14,(anonymous_1)
FN:20,(anonymous_2)
FN:69,(anonymous_3)
FNF:4
FNH:0
FNDA:0,(anonymous_0)
FNDA:0,(anonymous_1)
FNDA:0,(anonymous_2)
FNDA:0,(anonymous_3)
DA:9,2
DA:10,0
DA:11,0
DA:13,0
DA:14,0
DA:16,0
DA:20,0
DA:21,0
DA:25,0
DA:26,0
DA:29,0
DA:70,0
LF:12
LH:1
BRDA:13,0,0,0
BRDA:57,1,0,0
BRDA:57,1,1,0
BRDA:62,2,0,0
BRDA:62,2,1,0
BRF:5
BRH:0
end_of_record
TN:
SF:src\heroes\pages\index.js
FNF:0
FNH:0
LF:0
LH:0
BRF:0
BRH:0
end_of_record
TN:
SF:src\heroes\routes\HeroesRoutes.jsx
FN:5,(anonymous_0)
FNF:1
FNH:1
FNDA:3,(anonymous_0)
DA:5,2
DA:6,3
LF:2
LH:2
BRF:0
BRH:0
end_of_record
TN:
SF:src\hooks\useForms.jsx
FN:3,(anonymous_0)
FN:6,(anonymous_1)
FN:14,(anonymous_2)
FNF:3
FNH:0
FNDA:0,(anonymous_0)
FNDA:0,(anonymous_1)
FNDA:0,(anonymous_2)
DA:3,2
DA:4,0
DA:6,0
DA:7,0
DA:8,0
DA:14,0
DA:15,0
DA:18,0
LF:8
LH:1
BRDA:3,0,0,0
BRF:1
BRH:0
end_of_record
TN:
SF:src\router\AppRouter.jsx
FN:7,(anonymous_0)
FNF:1
FNH:1
FNDA:4,(anonymous_0)
DA:7,2
DA:8,4
LF:2
LH:2
BRF:0
BRH:0
end_of_record
TN:
SF:src\router\PrivateRoute.jsx
FN:5,(anonymous_0)
FNF:1
FNH:1
FNDA:5,(anonymous_0)
DA:5,3
DA:6,5
DA:7,5
DA:9,5
DA:10,5
DA:12,5
LF:6
LH:6
BRDA:12,0,0,4
BRDA:12,0,1,1
BRF:2
BRH:2
end_of_record
TN:
SF:src\router\PublicRoute.jsx
FN:5,(anonymous_0)
FNF:1
FNH:1
FNDA:3,(anonymous_0)
DA:5,3
DA:6,3
DA:8,3
LF:3
LH:3
BRDA:8,0,0,2
BRDA:8,0,1,1
BRF:2
BRH:2
end_of_record
TN:
SF:src\ui\index.js
FNF:0
FNH:0
LF:0
LH:0
BRF:0
BRH:0
end_of_record
TN:
SF:src\ui\components\Navbar.jsx
FN:5,(anonymous_0)
FN:12,(anonymous_1)
FN:75,(anonymous_2)
FNF:3
FNH:3
FNDA:3,(anonymous_0)
FNDA:1,(anonymous_1)
FNDA:1,(anonymous_2)
DA:5,2
DA:6,3
DA:7,3
DA:8,3
DA:10,3
DA:12,3
DA:13,1
DA:15,1
DA:20,3
DA:76,1
LF:10
LH:10
BRDA:30,0,0,3
BRDA:30,0,1,0
BRDA:41,1,0,0
BRDA:41,1,1,3
BRDA:52,2,0,0
BRDA:52,2,1,3
BRF:6
BRH:3
end_of_record
TN:
SF:src\ui\components\index.js
FNF:0
FNH:0
LF:0
LH:0
BRF:0
BRH:0
end_of_record
